# JRE version: OpenJDK Runtime Environment (8.0_20-b23) (build 1.8.0_20-b23)
# Java VM: OpenJDK 64-Bit Server VM (25.20-b22 mixed mode linux-amd64 compressed oops)
Heap:
 PSYoungGen      total 68608K, used 61600K [0x00000000d6e00000, 0x00000000db800000, 0x0000000100000000)
  eden space 62976K, 89% used [0x00000000d6e00000,0x00000000da554100,0x00000000dab80000)
  from space 5632K, 87% used [0x00000000db180000,0x00000000db654140,0x00000000db700000)
  to   space 6144K, 0% used [0x00000000dab80000,0x00000000dab80000,0x00000000db180000)
 ParOldGen       total 84992K, used 40K [0x0000000084a00000, 0x0000000089d00000, 0x00000000d6e00000)
  object space 84992K, 0% used [0x0000000084a00000,0x0000000084a0a000,0x0000000089d00000)
 Metaspace       used 19052K, capacity 19320K, committed 19712K, reserved 1067008K
  class space    used 2113K, capacity 2231K, committed 2304K, reserved 1048576K
GC Heap History (10 events):
Event: 4.492 GC heap before
{Heap before GC invocations=2 (full 0):
 PSYoungGen      total 36864K, used 34815K [0x00000000d6e00000, 0x00000000d9700000, 0x0000000100000000)
  eden space 31744K, 100% used [0x00000000d6e00000,0x00000000d8d00000,0x00000000d8d00000)
  from space 5120K, 59% used [0x00000000d8d00000,0x00000000d8fffe70,0x00000000d9200000)
  to   space 5120K, 0% used [0x00000000d9200000,0x00000000d9200000,0x00000000d9700000)
 ParOldGen       total 84992K, used 0K [0x0000000084a00000, 0x0000000089d00000, 0x00000000d6e00000)
  object space 84992K, 0% used [0x0000000084a00000,0x0000000084a00000,0x0000000089d00000)
 Metaspace       used 9571K, capacity 9738K, committed 9856K, reserved 1058816K
  class space    used 999K, capacity 1049K, committed 1152K, reserved 1048576K
Event: 4.498 GC heap after
Heap after GC invocations=2 (full 0):
 PSYoungGen      total 36864K, used 3595K [0x00000000d6e00000, 0x00000000d9700000, 0x0000000100000000)
  eden space 31744K, 0% used [0x00000000d6e00000,0x00000000d6e00000,0x00000000d8d00000)
  from space 5120K, 70% used [0x00000000d9200000,0x00000000d9582d80,0x00000000d9700000)
  to   space 5120K, 0% used [0x00000000d8d00000,0x00000000d8d00000,0x00000000d9200000)
 ParOldGen       total 84992K, used 8K [0x0000000084a00000, 0x0000000089d00000, 0x00000000d6e00000)
  object space 84992K, 0% used [0x0000000084a00000,0x0000000084a02000,0x0000000089d00000)
 Metaspace       used 9571K, capacity 9738K, committed 9856K, reserved 1058816K
  class space    used 999K, capacity 1049K, committed 1152K, reserved 1048576K
}
Event: 5.776 GC heap before
{Heap before GC invocations=3 (full 0):
 PSYoungGen      total 36864K, used 35339K [0x00000000d6e00000, 0x00000000d9700000, 0x0000000100000000)
  eden space 31744K, 100% used [0x00000000d6e00000,0x00000000d8d00000,0x00000000d8d00000)
  from space 5120K, 70% used [0x00000000d9200000,0x00000000d9582d80,0x00000000d9700000)
  to   space 5120K, 0% used [0x00000000d8d00000,0x00000000d8d00000,0x00000000d9200000)
 ParOldGen       total 84992K, used 8K [0x0000000084a00000, 0x0000000089d00000, 0x00000000d6e00000)
  object space 84992K, 0% used [0x0000000084a00000,0x0000000084a02000,0x0000000089d00000)
 Metaspace       used 11857K, capacity 12100K, committed 12416K, reserved 1060864K
  class space    used 1265K, capacity 1366K, committed 1408K, reserved 1048576K
Event: 5.783 GC heap after
Heap after GC invocations=3 (full 0):
 PSYoungGen      total 36864K, used 3743K [0x00000000d6e00000, 0x00000000d9700000, 0x0000000100000000)
  eden space 31744K, 0% used [0x00000000d6e00000,0x00000000d6e00000,0x00000000d8d00000)
  from space 5120K, 73% used [0x00000000d8d00000,0x00000000d90a7dd8,0x00000000d9200000)
  to   space 5120K, 0% used [0x00000000d9200000,0x00000000d9200000,0x00000000d9700000)
 ParOldGen       total 84992K, used 24K [0x0000000084a00000, 0x0000000089d00000, 0x00000000d6e00000)
  object space 84992K, 0% used [0x0000000084a00000,0x0000000084a06000,0x0000000089d00000)
 Metaspace       used 11857K, capacity 12100K, committed 12416K, reserved 1060864K
  class space    used 1265K, capacity 1366K, committed 1408K, reserved 1048576K
}
Event: 7.380 GC heap before
{Heap before GC invocations=4 (full 0):
 PSYoungGen      total 36864K, used 35487K [0x00000000d6e00000, 0x00000000d9700000, 0x0000000100000000)
  eden space 31744K, 100% used [0x00000000d6e00000,0x00000000d8d00000,0x00000000d8d00000)
  from space 5120K, 73% used [0x00000000d8d00000,0x00000000d90a7dd8,0x00000000d9200000)
  to   space 5120K, 0% used [0x00000000d9200000,0x00000000d9200000,0x00000000d9700000)
 ParOldGen       total 84992K, used 24K [0x0000000084a00000, 0x0000000089d00000, 0x00000000d6e00000)
  object space 84992K, 0% used [0x0000000084a00000,0x0000000084a06000,0x0000000089d00000)
 Metaspace       used 13757K, capacity 14056K, committed 14336K, reserved 1062912K
  class space    used 1570K, capacity 1684K, committed 1792K, reserved 1048576K
Event: 7.399 GC heap after
Heap after GC invocations=4 (full 0):
 PSYoungGen      total 36864K, used 4720K [0x00000000d6e00000, 0x00000000d9700000, 0x0000000100000000)
  eden space 31744K, 0% used [0x00000000d6e00000,0x00000000d6e00000,0x00000000d8d00000)
  from space 5120K, 92% used [0x00000000d9200000,0x00000000d969c1f8,0x00000000d9700000)
  to   space 5120K, 0% used [0x00000000d8d00000,0x00000000d8d00000,0x00000000d9200000)
 ParOldGen       total 84992K, used 32K [0x0000000084a00000, 0x0000000089d00000, 0x00000000d6e00000)
  object space 84992K, 0% used [0x0000000084a00000,0x0000000084a08000,0x0000000089d00000)
 Metaspace       used 13757K, capacity 14056K, committed 14336K, reserved 1062912K
  class space    used 1570K, capacity 1684K, committed 1792K, reserved 1048576K
}
Event: 8.790 GC heap before
{Heap before GC invocations=5 (full 0):
 PSYoungGen      total 36864K, used 36464K [0x00000000d6e00000, 0x00000000d9700000, 0x0000000100000000)
  eden space 31744K, 100% used [0x00000000d6e00000,0x00000000d8d00000,0x00000000d8d00000)
  from space 5120K, 92% used [0x00000000d9200000,0x00000000d969c1f8,0x00000000d9700000)
  to   space 5120K, 0% used [0x00000000d8d00000,0x00000000d8d00000,0x00000000d9200000)
 ParOldGen       total 84992K, used 32K [0x0000000084a00000, 0x0000000089d00000, 0x00000000d6e00000)
  object space 84992K, 0% used [0x0000000084a00000,0x0000000084a08000,0x0000000089d00000)
 Metaspace       used 15470K, capacity 15768K, committed 16000K, reserved 1062912K
  class space    used 1758K, capacity 1879K, committed 1920K, reserved 1048576K
Event: 8.828 GC heap after
Heap after GC invocations=5 (full 0):
 PSYoungGen      total 36864K, used 4803K [0x00000000d6e00000, 0x00000000db700000, 0x0000000100000000)
  eden space 31744K, 0% used [0x00000000d6e00000,0x00000000d6e00000,0x00000000d8d00000)
  from space 5120K, 93% used [0x00000000d8d00000,0x00000000d91b0c88,0x00000000d9200000)
  to   space 5632K, 0% used [0x00000000db180000,0x00000000db180000,0x00000000db700000)
 ParOldGen       total 84992K, used 40K [0x0000000084a00000, 0x0000000089d00000, 0x00000000d6e00000)
  object space 84992K, 0% used [0x0000000084a00000,0x0000000084a0a000,0x0000000089d00000)
 Metaspace       used 15470K, capacity 15768K, committed 16000K, reserved 1062912K
  class space    used 1758K, capacity 1879K, committed 1920K, reserved 1048576K
}
Event: 9.656 GC heap before
{Heap before GC invocations=6 (full 0):
 PSYoungGen      total 36864K, used 36547K [0x00000000d6e00000, 0x00000000db700000, 0x0000000100000000)
  eden space 31744K, 100% used [0x00000000d6e00000,0x00000000d8d00000,0x00000000d8d00000)
  from space 5120K, 93% used [0x00000000d8d00000,0x00000000d91b0c88,0x00000000d9200000)
  to   space 5632K, 0% used [0x00000000db180000,0x00000000db180000,0x00000000db700000)
 ParOldGen       total 84992K, used 40K [0x0000000084a00000, 0x0000000089d00000, 0x00000000d6e00000)
  object space 84992K, 0% used [0x0000000084a00000,0x0000000084a0a000,0x0000000089d00000)
 Metaspace       used 16840K, capacity 17112K, committed 17408K, reserved 1064960K
  class space    used 1904K, capacity 2007K, committed 2048K, reserved 1048576K
Event: 9.696 GC heap after
Heap after GC invocations=6 (full 0):
 PSYoungGen      total 68608K, used 4944K [0x00000000d6e00000, 0x00000000db800000, 0x0000000100000000)
  eden space 62976K, 0% used [0x00000000d6e00000,0x00000000d6e00000,0x00000000dab80000)
  from space 5632K, 87% used [0x00000000db180000,0x00000000db654140,0x00000000db700000)
  to   space 6144K, 0% used [0x00000000dab80000,0x00000000dab80000,0x00000000db180000)
 ParOldGen       total 84992K, used 40K [0x0000000084a00000, 0x0000000089d00000, 0x00000000d6e00000)
  object space 84992K, 0% used [0x0000000084a00000,0x0000000084a0a000,0x0000000089d00000)
 Metaspace       used 16840K, capacity 17112K, committed 17408K, reserved 1064960K
  class space    used 1904K, capacity 2007K, committed 2048K, reserved 1048576K
}

